<?xml version="1.0" encoding="UTF-8"?>
<!-- Generated by org.testng.reporters.JUnitXMLReporter -->
<testsuite hostname="DESKTOP-B51RBUN" failures="1" tests="1" name="Surefire test" time="0.91" errors="0" timestamp="10 May 2024 08:44:21 GMT">
  <testcase classname="cucumber.TestNGTestRunner" name="runScenario" time="0.11">
    <failure type="java.lang.NullPointerException" message="Cannot invoke &amp;quot;org.openqa.selenium.WebDriver.manage()&amp;quot; because &amp;quot;this.driver&amp;quot; is null">
      <![CDATA[java.lang.NullPointerException: Cannot invoke "org.openqa.selenium.WebDriver.manage()" because "this.driver" is null
	at rahulshettyacademy.TestComponents.BaseTest.initializeDriver(BaseTest.java:76)
	at rahulshettyacademy.TestComponents.BaseTest.launchApplication(BaseTest.java:114)
	at rahulshettyacademy.stepDefinitions.StepDefinitionImpl.I_landed_on_Ecommerce_Page(StepDefinitionImpl.java:28)
	at ✽.I landed on Ecommerce Page(file:///C:/Users/Pratham/eclipse-workspace2/SeleniumFramework/src/test/java/cucumber/ErrorValidations.feature:9)
]]>
    </failure>
  </testcase> <!-- runScenario -->
</testsuite> <!-- Surefire test -->
