<?xml version="1.0" encoding="UTF-8"?>
<!-- Generated by org.testng.reporters.JUnitReportReporter -->
<testsuite hostname="DESKTOP-B51RBUN" failures="0" tests="1" name="cucumber.TestNGTestRunner" time="0.110" errors="1" timestamp="10 May 2024 08:44:21 GMT" skipped="0">
  <testcase classname="cucumber.TestNGTestRunner" name="runScenario" time="0.110">
    <error message="Cannot invoke &quot;org.openqa.selenium.WebDriver.manage()&quot; because &quot;this.driver&quot; is null" type="java.lang.NullPointerException">
      <![CDATA[java.lang.NullPointerException: Cannot invoke "org.openqa.selenium.WebDriver.manage()" because "this.driver" is null
	at rahulshettyacademy.TestComponents.BaseTest.initializeDriver(BaseTest.java:76)
	at rahulshettyacademy.TestComponents.BaseTest.launchApplication(BaseTest.java:114)
	at rahulshettyacademy.stepDefinitions.StepDefinitionImpl.I_landed_on_Ecommerce_Page(StepDefinitionImpl.java:28)
	at ✽.I landed on Ecommerce Page(file:///C:/Users/Pratham/eclipse-workspace2/SeleniumFramework/src/test/java/cucumber/ErrorValidations.feature:9)
]]>
    </error>
  </testcase> <!-- runScenario -->
</testsuite> <!-- cucumber.TestNGTestRunner -->
